localhost:8280 - - - "POST /services/StockQuoteProxy HTTP/1.1" - - "-" "Axis2"
localhost:9000 - - - "POST /services/SimpleStockQuoteService HTTP/1.1" - - "-" "Synapse-PT-HttpComponents-NIO"
localhost:9000 - - - "POST /services/SimpleStockQuoteService HTTP/1.1" - - "-" "Synapse-PT-HttpComponents-NIO"
localhost:8280 - - - "GET /services/StockQuoteProxy?wsdl HTTP/1.1" - - "-" "Apache-HttpClient/4.3.6 (java 1.5)"
-  - Tue, 12 Sep 2017 09:18:01 GMT "- - " 200 - "-" "-"
localhost:8280 - - - "POST /services/StockQuoteProxy1 HTTP/1.1" - - "-" "Axis2"
-  - Tue, 12 Sep 2017 09:18:01 GMT "- - " 200 - "-" "-"
localhost:9000 - - - "POST /services/SimpleStockQuoteService HTTP/1.1" - - "-" "Synapse-PT-HttpComponents-NIO"
-  - Tue, 12 Sep 2017 09:18:01 GMT "- - " 200 - "-" "-"
localhost:9000 - - - "POST /services/SimpleStockQuoteService HTTP/1.1" - - "-" "Synapse-PT-HttpComponents-NIO"
localhost:8280 - - - "POST /services/StockQuoteProxy2 HTTP/1.1" - - "-" "Axis2"
-  - Tue, 12 Sep 2017 09:18:05 GMT "- - " 200 - "-" "-"
localhost:9000 - - - "POST /services/SimpleStockQuoteService HTTP/1.1" - - "-" "Synapse-PT-HttpComponents-NIO"
localhost:9000 - - - "POST /services/SimpleStockQuoteService HTTP/1.1" - - "-" "Synapse-PT-HttpComponents-NIO"
-  - Tue, 12 Sep 2017 09:18:05 GMT "- - " 200 - "-" "-"
localhost:8243 - - - "POST /services/StockQuoteProxy HTTP/1.1" - - "-" "Axis2"
-  - Tue, 12 Sep 2017 09:18:05 GMT "- - " 200 - "-" "-"
-  - Tue, 12 Sep 2017 09:18:06 GMT "- - " 200 - "-" "-"
localhost:9000 - - - "POST /services/SimpleStockQuoteService HTTP/1.1" - - "-" "Synapse-PT-HttpComponents-NIO"
-  - Tue, 12 Sep 2017 09:18:06 GMT "- - " 200 - "-" "-"
localhost:9000 - - - "POST /services/SimpleStockQuoteService HTTP/1.1" - - "-" "Synapse-PT-HttpComponents-NIO"
localhost:8280 - - - "POST /services/LBProxy HTTP/1.1" - - "-" "Axis2"
localhost:9001 - - - "POST /services/LBService1 HTTP/1.1" - - "-" "Synapse-PT-HttpComponents-NIO"
-  - Tue, 12 Sep 2017 09:18:06 GMT "- - " 200 - "-" "-"
-  - Tue, 12 Sep 2017 09:18:06 GMT "- - " 200 - "-" "-"
-  - Tue, 12 Sep 2017 09:18:07 GMT "- - " 200 - "-" "-"
-  - Tue, 12 Sep 2017 09:18:07 GMT "- - " 200 - "-" "-"
localhost:9001 - - - "POST /services/LBService1 HTTP/1.1" - - "-" "Synapse-PT-HttpComponents-NIO"
localhost:8280 - - - "POST /services/LBProxy HTTP/1.1" - - "-" "Axis2"
-  - Tue, 12 Sep 2017 09:18:07 GMT "- - " 200 - "-" "-"
-  - Tue, 12 Sep 2017 09:18:09 GMT "- - " 200 - "-" "-"
-  - Tue, 12 Sep 2017 09:18:09 GMT "- - " 200 - "-" "-"
localhost:9002 - - - "POST /services/LBService1 HTTP/1.1" - - "-" "Synapse-PT-HttpComponents-NIO"
-  - Tue, 12 Sep 2017 09:18:09 GMT "- - " 200 - "-" "-"
localhost:9002 - - - "POST /services/LBService1 HTTP/1.1" - - "-" "Synapse-PT-HttpComponents-NIO"
-  - Tue, 12 Sep 2017 09:18:09 GMT "- - " 200 - "-" "-"
localhost:8280 - - - "POST /services/LBProxy HTTP/1.1" - - "-" "Axis2"
-  - Tue, 12 Sep 2017 09:18:09 GMT "- - " 200 - "-" "-"
-  - Tue, 12 Sep 2017 09:18:10 GMT "- - " 200 - "-" "-"
-  - Tue, 12 Sep 2017 09:18:10 GMT "- - " 200 - "-" "-"
-  - Tue, 12 Sep 2017 09:18:10 GMT "- - " 200 - "-" "-"
-  - Tue, 12 Sep 2017 09:18:10 GMT "- - " 200 - "-" "-"
-  - Tue, 12 Sep 2017 09:18:10 GMT "- - " 200 - "-" "-"
-  - Tue, 12 Sep 2017 09:18:10 GMT "- - " 200 - "-" "-"
-  - Tue, 12 Sep 2017 09:18:11 GMT "- - " 200 - "-" "-"
-  - Tue, 12 Sep 2017 09:18:11 GMT "- - " 200 - "-" "-"
localhost:9003 - - - "POST /services/LBService1 HTTP/1.1" - - "-" "Synapse-PT-HttpComponents-NIO"
localhost:9003 - - - "POST /services/LBService1 HTTP/1.1" - - "-" "Synapse-PT-HttpComponents-NIO"
localhost:8280 - - - "POST /services/LBProxy HTTP/1.1" - - "-" "Axis2"
-  - Tue, 12 Sep 2017 09:18:11 GMT "- - " 200 - "-" "-"
localhost:9003 - - - "POST /services/LBService1 HTTP/1.1" - - "-" "Synapse-PT-HttpComponents-NIO"
-  - Tue, 12 Sep 2017 09:18:11 GMT "- - " 200 - "-" "-"
localhost:9003 - - - "POST /services/LBService1 HTTP/1.1" - - "-" "Synapse-PT-HttpComponents-NIO"
-  - Tue, 12 Sep 2017 09:18:11 GMT "- - " 200 - "-" "-"
localhost:8280 - - - "POST /services/LBProxy HTTP/1.1" - - "-" "Axis2"
localhost:9001 - - - "POST /services/LBService1 HTTP/1.1" - - "-" "Synapse-PT-HttpComponents-NIO"
localhost:9001 - - - "POST /services/LBService1 HTTP/1.1" - - "-" "Synapse-PT-HttpComponents-NIO"
localhost:8280 - - - "POST /services/LBProxy HTTP/1.1" - - "-" "Axis2"
-  - Tue, 12 Sep 2017 09:18:11 GMT "- - " 200 - "-" "-"
localhost:9002 - - - "POST /services/LBService1 HTTP/1.1" - - "-" "Synapse-PT-HttpComponents-NIO"
localhost:9002 - - - "POST /services/LBService1 HTTP/1.1" - - "-" "Synapse-PT-HttpComponents-NIO"
localhost:8280 - - - "POST /services/LBProxy HTTP/1.1" - - "-" "Axis2"
localhost:9003 - - - "POST /services/LBService1 HTTP/1.1" - - "-" "Synapse-PT-HttpComponents-NIO"
-  - Tue, 12 Sep 2017 09:18:12 GMT "- - " 200 - "-" "-"
localhost:9003 - - - "POST /services/LBService1 HTTP/1.1" - - "-" "Synapse-PT-HttpComponents-NIO"
-  - Tue, 12 Sep 2017 09:18:12 GMT "- - " 200 - "-" "-"
localhost:8280 - - - "POST /services/LBProxy HTTP/1.1" - - "-" "Axis2"
-  - Tue, 12 Sep 2017 09:18:12 GMT "- - " 200 - "-" "-"
localhost:9003 - - - "POST /services/LBService1 HTTP/1.1" - - "-" "Synapse-PT-HttpComponents-NIO"
localhost:9003 - - - "POST /services/LBService1 HTTP/1.1" - - "-" "Synapse-PT-HttpComponents-NIO"
-  - Tue, 12 Sep 2017 09:18:12 GMT "- - " 200 - "-" "-"
localhost:8280 - - - "POST /services/LBProxy HTTP/1.1" - - "-" "Axis2"
-  - Tue, 12 Sep 2017 09:18:12 GMT "- - " 200 - "-" "-"
localhost:9001 - - - "POST /services/LBService1 HTTP/1.1" - - "-" "Synapse-PT-HttpComponents-NIO"
localhost:9001 - - - "POST /services/LBService1 HTTP/1.1" - - "-" "Synapse-PT-HttpComponents-NIO"
localhost:8280 - - - "POST /services/LBProxy HTTP/1.1" - - "-" "Axis2"
-  - Tue, 12 Sep 2017 09:18:12 GMT "- - " 200 - "-" "-"
localhost:9001 - - - "POST /services/LBService1 HTTP/1.1" - - "-" "Synapse-PT-HttpComponents-NIO"
localhost:9001 - - - "POST /services/LBService1 HTTP/1.1" - - "-" "Synapse-PT-HttpComponents-NIO"
-  - Tue, 12 Sep 2017 09:18:13 GMT "- - " 200 - "-" "-"
localhost:8280 - - - "POST /services/LBProxy HTTP/1.1" - - "-" "Axis2"
localhost:9003 - - - "POST /services/LBService1 HTTP/1.1" - - "-" "Synapse-PT-HttpComponents-NIO"
-  - Tue, 12 Sep 2017 09:18:13 GMT "- - " 200 - "-" "-"
localhost:9003 - - - "POST /services/LBService1 HTTP/1.1" - - "-" "Synapse-PT-HttpComponents-NIO"
localhost:8280 - - - "POST /services/LBProxy HTTP/1.1" - - "-" "Axis2"
localhost:9001 - - - "POST /services/LBService1 HTTP/1.1" - - "-" "Synapse-PT-HttpComponents-NIO"
-  - Tue, 12 Sep 2017 09:18:13 GMT "- - " 200 - "-" "-"
localhost:9001 - - - "POST /services/LBService1 HTTP/1.1" - - "-" "Synapse-PT-HttpComponents-NIO"
localhost:8280 - - - "POST /services/LBProxy HTTP/1.1" - - "-" "Axis2"
-  - Tue, 12 Sep 2017 09:18:13 GMT "- - " 200 - "-" "-"
localhost:9001 - - - "POST /services/LBService1 HTTP/1.1" - - "-" "Synapse-PT-HttpComponents-NIO"
localhost:9001 - - - "POST /services/LBService1 HTTP/1.1" - - "-" "Synapse-PT-HttpComponents-NIO"
localhost:8280 - - - "POST /services/LBProxy HTTP/1.1" - - "-" "Axis2"
localhost:9001 - - - "POST /services/LBService1 HTTP/1.1" - - "-" "Synapse-PT-HttpComponents-NIO"
localhost:9001 - - - "POST /services/LBService1 HTTP/1.1" - - "-" "Synapse-PT-HttpComponents-NIO"
-  - Tue, 12 Sep 2017 09:18:13 GMT "- - " 200 - "-" "-"
-  - Tue, 12 Sep 2017 09:18:13 GMT "- - " 200 - "-" "-"
localhost:8280 - - - "POST /services/LBProxy HTTP/1.1" - - "-" "Axis2"
localhost:9003 - - - "POST /services/LBService1 HTTP/1.1" - - "-" "Synapse-PT-HttpComponents-NIO"
localhost:9003 - - - "POST /services/LBService1 HTTP/1.1" - - "-" "Synapse-PT-HttpComponents-NIO"
localhost:8280 - - - "POST /services/LBProxy HTTP/1.1" - - "-" "Axis2"
localhost:9003 - - - "POST /services/LBService1 HTTP/1.1" - - "-" "Synapse-PT-HttpComponents-NIO"
localhost:9003 - - - "POST /services/LBService1 HTTP/1.1" - - "-" "Synapse-PT-HttpComponents-NIO"
localhost:8280 - - - "POST /services/LBProxy HTTP/1.1" - - "-" "Axis2"
-  - Tue, 12 Sep 2017 09:18:14 GMT "- - " 200 - "-" "-"
localhost:9001 - - - "POST /services/LBService1 HTTP/1.1" - - "-" "Synapse-PT-HttpComponents-NIO"
-  - Tue, 12 Sep 2017 09:18:14 GMT "- - " 200 - "-" "-"
localhost:9001 - - - "POST /services/LBService1 HTTP/1.1" - - "-" "Synapse-PT-HttpComponents-NIO"
localhost:8280 - - - "POST /services/LBProxy HTTP/1.1" - - "-" "Axis2"
-  - Tue, 12 Sep 2017 09:18:14 GMT "- - " 200 - "-" "-"
localhost:9001 - - - "POST /services/LBService1 HTTP/1.1" - - "-" "Synapse-PT-HttpComponents-NIO"
-  - Tue, 12 Sep 2017 09:18:14 GMT "- - " 200 - "-" "-"
localhost:9001 - - - "POST /services/LBService1 HTTP/1.1" - - "-" "Synapse-PT-HttpComponents-NIO"
localhost:8280 - - - "POST /services/LBProxy HTTP/1.1" - - "-" "Axis2"
-  - Tue, 12 Sep 2017 09:18:14 GMT "- - " 200 - "-" "-"
localhost:9002 - - - "POST /services/LBService1 HTTP/1.1" - - "-" "Synapse-PT-HttpComponents-NIO"
localhost:9002 - - - "POST /services/LBService1 HTTP/1.1" - - "-" "Synapse-PT-HttpComponents-NIO"
-  - Tue, 12 Sep 2017 09:18:14 GMT "- - " 200 - "-" "-"
localhost:8280 - - - "POST /services/LBProxy HTTP/1.1" - - "-" "Axis2"
-  - Tue, 12 Sep 2017 09:18:15 GMT "- - " 200 - "-" "-"
localhost:9002 - - - "POST /services/LBService1 HTTP/1.1" - - "-" "Synapse-PT-HttpComponents-NIO"
localhost:9002 - - - "POST /services/LBService1 HTTP/1.1" - - "-" "Synapse-PT-HttpComponents-NIO"
-  - Tue, 12 Sep 2017 09:18:15 GMT "- - " 200 - "-" "-"
localhost:8280 - - - "POST /services/LBProxy HTTP/1.1" - - "-" "Axis2"
localhost:9002 - - - "POST /services/LBService1 HTTP/1.1" - - "-" "Synapse-PT-HttpComponents-NIO"
-  - Tue, 12 Sep 2017 09:18:15 GMT "- - " 200 - "-" "-"
localhost:9002 - - - "POST /services/LBService1 HTTP/1.1" - - "-" "Synapse-PT-HttpComponents-NIO"
localhost:8280 - - - "POST /services/LBProxy HTTP/1.1" - - "-" "Axis2"
localhost:9002 - - - "POST /services/LBService1 HTTP/1.1" - - "-" "Synapse-PT-HttpComponents-NIO"
localhost:9002 - - - "POST /services/LBService1 HTTP/1.1" - - "-" "Synapse-PT-HttpComponents-NIO"
localhost:8280 - - - "POST /services/LBProxy HTTP/1.1" - - "-" "Axis2"
localhost:9003 - - - "POST /services/LBService1 HTTP/1.1" - - "-" "Synapse-PT-HttpComponents-NIO"
localhost:9003 - - - "POST /services/LBService1 HTTP/1.1" - - "-" "Synapse-PT-HttpComponents-NIO"
localhost:8280 - - - "POST /services/LBProxy HTTP/1.1" - - "-" "Axis2"
localhost:9003 - - - "POST /services/LBService1 HTTP/1.1" - - "-" "Synapse-PT-HttpComponents-NIO"
localhost:9003 - - - "POST /services/LBService1 HTTP/1.1" - - "-" "Synapse-PT-HttpComponents-NIO"
localhost:8280 - - - "POST /services/LBProxy HTTP/1.1" - - "-" "Axis2"
localhost:9001 - - - "POST /services/LBService1 HTTP/1.1" - - "-" "Synapse-PT-HttpComponents-NIO"
localhost:9001 - - - "POST /services/LBService1 HTTP/1.1" - - "-" "Synapse-PT-HttpComponents-NIO"
localhost:8280 - - - "POST /services/LBProxy HTTP/1.1" - - "-" "Axis2"
localhost:9001 - - - "POST /services/LBService1 HTTP/1.1" - - "-" "Synapse-PT-HttpComponents-NIO"
localhost:9001 - - - "POST /services/LBService1 HTTP/1.1" - - "-" "Synapse-PT-HttpComponents-NIO"
localhost:8280 - - - "POST /services/LBProxy HTTP/1.1" - - "-" "Axis2"
localhost:9001 - - - "POST /services/LBService1 HTTP/1.1" - - "-" "Synapse-PT-HttpComponents-NIO"
localhost:9001 - - - "POST /services/LBService1 HTTP/1.1" - - "-" "Synapse-PT-HttpComponents-NIO"
localhost:8280 - - - "POST /services/LBProxy HTTP/1.1" - - "-" "Axis2"
localhost:9003 - - - "POST /services/LBService1 HTTP/1.1" - - "-" "Synapse-PT-HttpComponents-NIO"
localhost:9003 - - - "POST /services/LBService1 HTTP/1.1" - - "-" "Synapse-PT-HttpComponents-NIO"
localhost:8280 - - - "POST /services/LBProxy HTTP/1.1" - - "-" "Axis2"
localhost:9001 - - - "POST /services/LBService1 HTTP/1.1" - - "-" "Synapse-PT-HttpComponents-NIO"
localhost:9001 - - - "POST /services/LBService1 HTTP/1.1" - - "-" "Synapse-PT-HttpComponents-NIO"
localhost:8280 - - - "POST /services/LBProxy HTTP/1.1" - - "-" "Axis2"
localhost:9003 - - - "POST /services/LBService1 HTTP/1.1" - - "-" "Synapse-PT-HttpComponents-NIO"
localhost:9003 - - - "POST /services/LBService1 HTTP/1.1" - - "-" "Synapse-PT-HttpComponents-NIO"
localhost:8280 - - - "POST /services/LBProxy HTTP/1.1" - - "-" "Axis2"
-  - Tue, 12 Sep 2017 09:18:15 GMT "- - " 200 - "-" "-"
-  - Tue, 12 Sep 2017 09:18:15 GMT "- - " 200 - "-" "-"
-  - Tue, 12 Sep 2017 09:18:15 GMT "- - " 200 - "-" "-"
-  - Tue, 12 Sep 2017 09:18:16 GMT "- - " 200 - "-" "-"
localhost:9002 - - - "POST /services/LBService1 HTTP/1.1" - - "-" "Synapse-PT-HttpComponents-NIO"
localhost:9002 - - - "POST /services/LBService1 HTTP/1.1" - - "-" "Synapse-PT-HttpComponents-NIO"
-  - Tue, 12 Sep 2017 09:18:16 GMT "- - " 200 - "-" "-"
localhost:8280 - - - "POST /services/LBProxy HTTP/1.1" - - "-" "Axis2"
localhost:9003 - - - "POST /services/LBService1 HTTP/1.1" - - "-" "Synapse-PT-HttpComponents-NIO"
localhost:9003 - - - "POST /services/LBService1 HTTP/1.1" - - "-" "Synapse-PT-HttpComponents-NIO"
localhost:8280 - - - "POST /services/LBProxy HTTP/1.1" - - "-" "Axis2"
localhost:9002 - - - "POST /services/LBService1 HTTP/1.1" - - "-" "Synapse-PT-HttpComponents-NIO"
-  - Tue, 12 Sep 2017 09:18:16 GMT "- - " 200 - "-" "-"
localhost:9002 - - - "POST /services/LBService1 HTTP/1.1" - - "-" "Synapse-PT-HttpComponents-NIO"
localhost:8280 - - - "POST /services/LBProxy HTTP/1.1" - - "-" "Axis2"
localhost:9003 - - - "POST /services/LBService1 HTTP/1.1" - - "-" "Synapse-PT-HttpComponents-NIO"
-  - Tue, 12 Sep 2017 09:18:16 GMT "- - " 200 - "-" "-"
-  - Tue, 12 Sep 2017 09:18:16 GMT "- - " 200 - "-" "-"
-  - Tue, 12 Sep 2017 09:18:16 GMT "- - " 200 - "-" "-"
localhost:9003 - - - "POST /services/LBService1 HTTP/1.1" - - "-" "Synapse-PT-HttpComponents-NIO"
-  - Tue, 12 Sep 2017 09:18:17 GMT "- - " 200 - "-" "-"
localhost:8280 - - - "POST /services/LBProxy HTTP/1.1" - - "-" "Axis2"
localhost:9003 - - - "POST /services/LBService1 HTTP/1.1" - - "-" "Synapse-PT-HttpComponents-NIO"
localhost:9003 - - - "POST /services/LBService1 HTTP/1.1" - - "-" "Synapse-PT-HttpComponents-NIO"
localhost:8280 - - - "POST /services/LBProxy HTTP/1.1" - - "-" "Axis2"
localhost:9001 - - - "POST /services/LBService1 HTTP/1.1" - - "-" "Synapse-PT-HttpComponents-NIO"
localhost:9001 - - - "POST /services/LBService1 HTTP/1.1" - - "-" "Synapse-PT-HttpComponents-NIO"
localhost:8280 - - - "POST /services/LBProxy HTTP/1.1" - - "-" "Axis2"
localhost:9003 - - - "POST /services/LBService1 HTTP/1.1" - - "-" "Synapse-PT-HttpComponents-NIO"
localhost:9003 - - - "POST /services/LBService1 HTTP/1.1" - - "-" "Synapse-PT-HttpComponents-NIO"
localhost:8280 - - - "POST /services/LBProxy HTTP/1.1" - - "-" "Axis2"
localhost:9002 - - - "POST /services/LBService1 HTTP/1.1" - - "-" "Synapse-PT-HttpComponents-NIO"
-  - Tue, 12 Sep 2017 09:18:17 GMT "- - " 200 - "-" "-"
localhost:9002 - - - "POST /services/LBService1 HTTP/1.1" - - "-" "Synapse-PT-HttpComponents-NIO"
localhost:8280 - - - "POST /services/LBProxy HTTP/1.1" - - "-" "Axis2"
-  - Tue, 12 Sep 2017 09:18:17 GMT "- - " 200 - "-" "-"
localhost:9003 - - - "POST /services/LBService1 HTTP/1.1" - - "-" "Synapse-PT-HttpComponents-NIO"
localhost:9003 - - - "POST /services/LBService1 HTTP/1.1" - - "-" "Synapse-PT-HttpComponents-NIO"
localhost:8280 - - - "POST /services/LBProxy HTTP/1.1" - - "-" "Axis2"
-  - Tue, 12 Sep 2017 09:18:17 GMT "- - " 200 - "-" "-"
localhost:9002 - - - "POST /services/LBService1 HTTP/1.1" - - "-" "Synapse-PT-HttpComponents-NIO"
localhost:9002 - - - "POST /services/LBService1 HTTP/1.1" - - "-" "Synapse-PT-HttpComponents-NIO"
localhost:8280 - - - "POST /services/LBProxy HTTP/1.1" - - "-" "Axis2"
-  - Tue, 12 Sep 2017 09:18:17 GMT "- - " 200 - "-" "-"
localhost:9002 - - - "POST /services/LBService1 HTTP/1.1" - - "-" "Synapse-PT-HttpComponents-NIO"
localhost:9002 - - - "POST /services/LBService1 HTTP/1.1" - - "-" "Synapse-PT-HttpComponents-NIO"
localhost:8280 - - - "POST /services/LBProxy HTTP/1.1" - - "-" "Axis2"
-  - Tue, 12 Sep 2017 09:18:17 GMT "- - " 200 - "-" "-"
-  - Tue, 12 Sep 2017 09:18:18 GMT "- - " 200 - "-" "-"
-  - Tue, 12 Sep 2017 09:18:18 GMT "- - " 200 - "-" "-"
localhost:9001 - - - "POST /services/LBService1 HTTP/1.1" - - "-" "Synapse-PT-HttpComponents-NIO"
-  - Tue, 12 Sep 2017 09:18:18 GMT "- - " 200 - "-" "-"
-  - Tue, 12 Sep 2017 09:18:18 GMT "- - " 200 - "-" "-"
-  - Tue, 12 Sep 2017 09:18:18 GMT "- - " 200 - "-" "-"
localhost:9001 - - - "POST /services/LBService1 HTTP/1.1" - - "-" "Synapse-PT-HttpComponents-NIO"
-  - Tue, 12 Sep 2017 09:18:18 GMT "- - " 200 - "-" "-"
-  - Tue, 12 Sep 2017 09:18:19 GMT "- - " 200 - "-" "-"
-  - Tue, 12 Sep 2017 09:18:19 GMT "- - " 200 - "-" "-"
-  - Tue, 12 Sep 2017 09:18:19 GMT "- - " 200 - "-" "-"
-  - Tue, 12 Sep 2017 09:18:19 GMT "- - " 200 - "-" "-"
-  - Tue, 12 Sep 2017 09:18:19 GMT "- - " 200 - "-" "-"
-  - Tue, 12 Sep 2017 09:18:19 GMT "- - " 200 - "-" "-"
-  - Tue, 12 Sep 2017 09:18:20 GMT "- - " 200 - "-" "-"
-  - Tue, 12 Sep 2017 09:18:20 GMT "- - " 200 - "-" "-"
-  - Tue, 12 Sep 2017 09:18:20 GMT "- - " 200 - "-" "-"
-  - Tue, 12 Sep 2017 09:18:20 GMT "- - " 200 - "-" "-"
-  - Tue, 12 Sep 2017 09:18:20 GMT "- - " 200 - "-" "-"
-  - Tue, 12 Sep 2017 09:18:20 GMT "- - " 200 - "-" "-"
-  - Tue, 12 Sep 2017 09:18:21 GMT "- - " 200 - "-" "-"
-  - Tue, 12 Sep 2017 09:18:21 GMT "- - " 200 - "-" "-"
-  - Tue, 12 Sep 2017 09:18:21 GMT "- - " 200 - "-" "-"
-  - Tue, 12 Sep 2017 09:18:21 GMT "- - " 200 - "-" "-"
-  - Tue, 12 Sep 2017 09:18:21 GMT "- - " 200 - "-" "-"
-  - Tue, 12 Sep 2017 09:18:21 GMT "- - " 200 - "-" "-"
-  - Tue, 12 Sep 2017 09:18:22 GMT "- - " 200 - "-" "-"
-  - Tue, 12 Sep 2017 09:18:22 GMT "- - " 200 - "-" "-"
-  - Tue, 12 Sep 2017 09:18:22 GMT "- - " 200 - "-" "-"
-  - Tue, 12 Sep 2017 09:18:22 GMT "- - " 200 - "-" "-"
-  - Tue, 12 Sep 2017 09:18:22 GMT "- - " 200 - "-" "-"
-  - Tue, 12 Sep 2017 09:18:22 GMT "- - " 200 - "-" "-"
-  - Tue, 12 Sep 2017 09:18:24 GMT "- - " 200 - "-" "-"
-  - Tue, 12 Sep 2017 09:18:24 GMT "- - " 200 - "-" "-"
-  - Tue, 12 Sep 2017 09:18:24 GMT "- - " 200 - "-" "-"
-  - Tue, 12 Sep 2017 09:18:24 GMT "- - " 200 - "-" "-"
-  - Tue, 12 Sep 2017 09:18:24 GMT "- - " 200 - "-" "-"
-  - Tue, 12 Sep 2017 09:18:24 GMT "- - " 200 - "-" "-"
-  - Tue, 12 Sep 2017 09:18:25 GMT "- - " 200 - "-" "-"
-  - Tue, 12 Sep 2017 09:18:25 GMT "- - " 200 - "-" "-"
-  - Tue, 12 Sep 2017 09:18:25 GMT "- - " 200 - "-" "-"
-  - Tue, 12 Sep 2017 09:18:25 GMT "- - " 200 - "-" "-"
-  - Tue, 12 Sep 2017 09:18:25 GMT "- - " 200 - "-" "-"
-  - Tue, 12 Sep 2017 09:18:25 GMT "- - " 200 - "-" "-"
-  - Tue, 12 Sep 2017 09:18:26 GMT "- - " 200 - "-" "-"
-  - Tue, 12 Sep 2017 09:18:26 GMT "- - " 200 - "-" "-"
-  - Tue, 12 Sep 2017 09:18:26 GMT "- - " 200 - "-" "-"
-  - Tue, 12 Sep 2017 09:18:26 GMT "- - " 200 - "-" "-"
-  - Tue, 12 Sep 2017 09:18:26 GMT "- - " 200 - "-" "-"
-  - Tue, 12 Sep 2017 09:18:26 GMT "- - " 200 - "-" "-"
-  - Tue, 12 Sep 2017 09:18:27 GMT "- - " 200 - "-" "-"
-  - Tue, 12 Sep 2017 09:18:27 GMT "- - " 200 - "-" "-"
-  - Tue, 12 Sep 2017 09:18:27 GMT "- - " 200 - "-" "-"
-  - Tue, 12 Sep 2017 09:18:27 GMT "- - " 200 - "-" "-"
-  - Tue, 12 Sep 2017 09:18:27 GMT "- - " 200 - "-" "-"
-  - Tue, 12 Sep 2017 09:18:27 GMT "- - " 200 - "-" "-"
-  - Tue, 12 Sep 2017 09:18:28 GMT "- - " 200 - "-" "-"
-  - Tue, 12 Sep 2017 09:18:28 GMT "- - " 200 - "-" "-"
-  - Tue, 12 Sep 2017 09:18:28 GMT "- - " 200 - "-" "-"
-  - Tue, 12 Sep 2017 09:18:28 GMT "- - " 200 - "-" "-"
-  - Tue, 12 Sep 2017 09:18:28 GMT "- - " 200 - "-" "-"
-  - Tue, 12 Sep 2017 09:18:28 GMT "- - " 200 - "-" "-"
-  - Tue, 12 Sep 2017 09:18:29 GMT "- - " 200 - "-" "-"
-  - Tue, 12 Sep 2017 09:18:29 GMT "- - " 200 - "-" "-"
-  - Tue, 12 Sep 2017 09:18:29 GMT "- - " 200 - "-" "-"
-  - Tue, 12 Sep 2017 09:18:29 GMT "- - " 200 - "-" "-"
-  - Tue, 12 Sep 2017 09:18:29 GMT "- - " 200 - "-" "-"
-  - Tue, 12 Sep 2017 09:18:29 GMT "- - " 200 - "-" "-"
-  - Tue, 12 Sep 2017 09:18:30 GMT "- - " 200 - "-" "-"
-  - Tue, 12 Sep 2017 09:18:30 GMT "- - " 200 - "-" "-"
-  - Tue, 12 Sep 2017 09:18:30 GMT "- - " 200 - "-" "-"
-  - Tue, 12 Sep 2017 09:18:30 GMT "- - " 200 - "-" "-"
-  - Tue, 12 Sep 2017 09:18:30 GMT "- - " 200 - "-" "-"
-  - Tue, 12 Sep 2017 09:18:30 GMT "- - " 200 - "-" "-"
localhost:8280 - - - "POST /services/LBProxy HTTP/1.1" - - "-" "Axis2"
localhost:9001 - - - "POST /services/LBService1 HTTP/1.1" - - "-" "Synapse-PT-HttpComponents-NIO"
-  - Tue, 12 Sep 2017 09:18:31 GMT "- - " 200 - "-" "-"
localhost:9001 - - - "POST /services/LBService1 HTTP/1.1" - - "-" "Synapse-PT-HttpComponents-NIO"
localhost:8280 - - - "POST /services/LBProxy HTTP/1.1" - - "-" "Axis2"
-  - Tue, 12 Sep 2017 09:18:31 GMT "- - " 200 - "-" "-"
localhost:9001 - - - "POST /services/LBService1 HTTP/1.1" - - "-" "Synapse-PT-HttpComponents-NIO"
localhost:9001 - - - "POST /services/LBService1 HTTP/1.1" - - "-" "Synapse-PT-HttpComponents-NIO"
localhost:8280 - - - "POST /services/LBProxy HTTP/1.1" - - "-" "Axis2"
-  - Tue, 12 Sep 2017 09:18:31 GMT "- - " 200 - "-" "-"
localhost:9002 - - - "POST /services/LBService1 HTTP/1.1" - - "-" "Synapse-PT-HttpComponents-NIO"
localhost:9002 - - - "POST /services/LBService1 HTTP/1.1" - - "-" "Synapse-PT-HttpComponents-NIO"
localhost:8280 - - - "POST /services/LBProxy HTTP/1.1" - - "-" "Axis2"
-  - Tue, 12 Sep 2017 09:18:31 GMT "- - " 200 - "-" "-"
localhost:9002 - - - "POST /services/LBService1 HTTP/1.1" - - "-" "Synapse-PT-HttpComponents-NIO"
-  - Tue, 12 Sep 2017 09:18:31 GMT "- - " 200 - "-" "-"
-  - Tue, 12 Sep 2017 09:18:31 GMT "- - " 200 - "-" "-"
-  - Tue, 12 Sep 2017 09:18:32 GMT "- - " 200 - "-" "-"
-  - Tue, 12 Sep 2017 09:18:32 GMT "- - " 200 - "-" "-"
-  - Tue, 12 Sep 2017 09:18:32 GMT "- - " 200 - "-" "-"
-  - Tue, 12 Sep 2017 09:18:32 GMT "- - " 200 - "-" "-"
-  - Tue, 12 Sep 2017 09:18:32 GMT "- - " 200 - "-" "-"
-  - Tue, 12 Sep 2017 09:18:32 GMT "- - " 200 - "-" "-"
-  - Tue, 12 Sep 2017 09:18:33 GMT "- - " 200 - "-" "-"
-  - Tue, 12 Sep 2017 09:18:33 GMT "- - " 200 - "-" "-"
-  - Tue, 12 Sep 2017 09:18:33 GMT "- - " 200 - "-" "-"
-  - Tue, 12 Sep 2017 09:18:33 GMT "- - " 200 - "-" "-"
-  - Tue, 12 Sep 2017 09:18:33 GMT "- - " 200 - "-" "-"
-  - Tue, 12 Sep 2017 09:18:33 GMT "- - " 200 - "-" "-"
-  - Tue, 12 Sep 2017 09:18:34 GMT "- - " 200 - "-" "-"
localhost:9002 - - - "POST /services/LBService1 HTTP/1.1" - - "-" "Synapse-PT-HttpComponents-NIO"
-  - Tue, 12 Sep 2017 09:18:34 GMT "- - " 200 - "-" "-"
localhost:8280 - - - "POST /services/LBProxy HTTP/1.1" - - "-" "Axis2"
localhost:9002 - - - "POST /services/LBService1 HTTP/1.1" - - "-" "Synapse-PT-HttpComponents-NIO"
-  - Tue, 12 Sep 2017 09:18:34 GMT "- - " 200 - "-" "-"
localhost:9002 - - - "POST /services/LBService1 HTTP/1.1" - - "-" "Synapse-PT-HttpComponents-NIO"
localhost:8280 - - - "POST /services/LBProxy HTTP/1.1" - - "-" "Axis2"
localhost:9002 - - - "POST /services/LBService1 HTTP/1.1" - - "-" "Synapse-PT-HttpComponents-NIO"
-  - Tue, 12 Sep 2017 09:18:34 GMT "- - " 200 - "-" "-"
localhost:9002 - - - "POST /services/LBService1 HTTP/1.1" - - "-" "Synapse-PT-HttpComponents-NIO"
localhost:8280 - - - "POST /services/LBProxy HTTP/1.1" - - "-" "Axis2"
localhost:9001 - - - "POST /services/LBService1 HTTP/1.1" - - "-" "Synapse-PT-HttpComponents-NIO"
-  - Tue, 12 Sep 2017 09:18:34 GMT "- - " 200 - "-" "-"
localhost:9001 - - - "POST /services/LBService1 HTTP/1.1" - - "-" "Synapse-PT-HttpComponents-NIO"
localhost:8280 - - - "POST /services/LBProxy HTTP/1.1" - - "-" "Axis2"
-  - Tue, 12 Sep 2017 09:18:34 GMT "- - " 200 - "-" "-"
localhost:9002 - - - "POST /services/LBService1 HTTP/1.1" - - "-" "Synapse-PT-HttpComponents-NIO"
localhost:9002 - - - "POST /services/LBService1 HTTP/1.1" - - "-" "Synapse-PT-HttpComponents-NIO"
localhost:8280 - - - "POST /services/LBProxy HTTP/1.1" - - "-" "Axis2"
-  - Tue, 12 Sep 2017 09:18:35 GMT "- - " 200 - "-" "-"
localhost:9002 - - - "POST /services/LBService1 HTTP/1.1" - - "-" "Synapse-PT-HttpComponents-NIO"
localhost:9002 - - - "POST /services/LBService1 HTTP/1.1" - - "-" "Synapse-PT-HttpComponents-NIO"
localhost:8280 - - - "POST /services/LBProxy HTTP/1.1" - - "-" "Axis2"
-  - Tue, 12 Sep 2017 09:18:35 GMT "- - " 200 - "-" "-"
localhost:9001 - - - "POST /services/LBService1 HTTP/1.1" - - "-" "Synapse-PT-HttpComponents-NIO"
-  - Tue, 12 Sep 2017 09:18:35 GMT "- - " 200 - "-" "-"
localhost:9001 - - - "POST /services/LBService1 HTTP/1.1" - - "-" "Synapse-PT-HttpComponents-NIO"
localhost:8280 - - - "POST /services/LBProxy HTTP/1.1" - - "-" "Axis2"
localhost:9003 - - - "POST /services/LBService1 HTTP/1.1" - - "-" "Synapse-PT-HttpComponents-NIO"
-  - Tue, 12 Sep 2017 09:18:35 GMT "- - " 200 - "-" "-"
localhost:9003 - - - "POST /services/LBService1 HTTP/1.1" - - "-" "Synapse-PT-HttpComponents-NIO"
localhost:8280 - - - "POST /services/LBProxy HTTP/1.1" - - "-" "Axis2"
localhost:9001 - - - "POST /services/LBService1 HTTP/1.1" - - "-" "Synapse-PT-HttpComponents-NIO"
-  - Tue, 12 Sep 2017 09:18:35 GMT "- - " 200 - "-" "-"
localhost:9001 - - - "POST /services/LBService1 HTTP/1.1" - - "-" "Synapse-PT-HttpComponents-NIO"
localhost:8280 - - - "POST /services/LBProxy HTTP/1.1" - - "-" "Axis2"
localhost:9002 - - - "POST /services/LBService1 HTTP/1.1" - - "-" "Synapse-PT-HttpComponents-NIO"
-  - Tue, 12 Sep 2017 09:18:35 GMT "- - " 200 - "-" "-"
localhost:9002 - - - "POST /services/LBService1 HTTP/1.1" - - "-" "Synapse-PT-HttpComponents-NIO"
localhost:8280 - - - "POST /services/LBProxy HTTP/1.1" - - "-" "Axis2"
localhost:9002 - - - "POST /services/LBService1 HTTP/1.1" - - "-" "Synapse-PT-HttpComponents-NIO"
-  - Tue, 12 Sep 2017 09:18:36 GMT "- - " 200 - "-" "-"
localhost:9002 - - - "POST /services/LBService1 HTTP/1.1" - - "-" "Synapse-PT-HttpComponents-NIO"
localhost:8280 - - - "POST /services/LBProxy HTTP/1.1" - - "-" "Axis2"
localhost:9002 - - - "POST /services/LBService1 HTTP/1.1" - - "-" "Synapse-PT-HttpComponents-NIO"
-  - Tue, 12 Sep 2017 09:18:36 GMT "- - " 200 - "-" "-"
localhost:9002 - - - "POST /services/LBService1 HTTP/1.1" - - "-" "Synapse-PT-HttpComponents-NIO"
localhost:8280 - - - "POST /services/LBProxy HTTP/1.1" - - "-" "Axis2"
localhost:9002 - - - "POST /services/LBService1 HTTP/1.1" - - "-" "Synapse-PT-HttpComponents-NIO"
-  - Tue, 12 Sep 2017 09:18:36 GMT "- - " 200 - "-" "-"
localhost:9002 - - - "POST /services/LBService1 HTTP/1.1" - - "-" "Synapse-PT-HttpComponents-NIO"
localhost:8280 - - - "POST /services/LBProxy HTTP/1.1" - - "-" "Axis2"
localhost:9003 - - - "POST /services/LBService1 HTTP/1.1" - - "-" "Synapse-PT-HttpComponents-NIO"
-  - Tue, 12 Sep 2017 09:18:36 GMT "- - " 200 - "-" "-"
localhost:9003 - - - "POST /services/LBService1 HTTP/1.1" - - "-" "Synapse-PT-HttpComponents-NIO"
localhost:8280 - - - "POST /services/LBProxy HTTP/1.1" - - "-" "Axis2"
localhost:9002 - - - "POST /services/LBService1 HTTP/1.1" - - "-" "Synapse-PT-HttpComponents-NIO"
-  - Tue, 12 Sep 2017 09:18:36 GMT "- - " 200 - "-" "-"
localhost:9002 - - - "POST /services/LBService1 HTTP/1.1" - - "-" "Synapse-PT-HttpComponents-NIO"
localhost:8280 - - - "POST /services/LBProxy HTTP/1.1" - - "-" "Axis2"
localhost:9002 - - - "POST /services/LBService1 HTTP/1.1" - - "-" "Synapse-PT-HttpComponents-NIO"
-  - Tue, 12 Sep 2017 09:18:36 GMT "- - " 200 - "-" "-"
localhost:9002 - - - "POST /services/LBService1 HTTP/1.1" - - "-" "Synapse-PT-HttpComponents-NIO"
localhost:8280 - - - "POST /services/LBProxy HTTP/1.1" - - "-" "Axis2"
localhost:9001 - - - "POST /services/LBService1 HTTP/1.1" - - "-" "Synapse-PT-HttpComponents-NIO"
-  - Tue, 12 Sep 2017 09:18:37 GMT "- - " 200 - "-" "-"
localhost:9001 - - - "POST /services/LBService1 HTTP/1.1" - - "-" "Synapse-PT-HttpComponents-NIO"
localhost:8280 - - - "POST /services/LBProxy HTTP/1.1" - - "-" "Axis2"
localhost:9003 - - - "POST /services/LBService1 HTTP/1.1" - - "-" "Synapse-PT-HttpComponents-NIO"
-  - Tue, 12 Sep 2017 09:18:37 GMT "- - " 200 - "-" "-"
localhost:9003 - - - "POST /services/LBService1 HTTP/1.1" - - "-" "Synapse-PT-HttpComponents-NIO"
localhost:8280 - - - "POST /services/LBProxy HTTP/1.1" - - "-" "Axis2"
localhost:9002 - - - "POST /services/LBService1 HTTP/1.1" - - "-" "Synapse-PT-HttpComponents-NIO"
localhost:9002 - - - "POST /services/LBService1 HTTP/1.1" - - "-" "Synapse-PT-HttpComponents-NIO"
localhost:8280 - - - "POST /services/LBProxy HTTP/1.1" - - "-" "Axis2"
localhost:9003 - - - "POST /services/LBService1 HTTP/1.1" - - "-" "Synapse-PT-HttpComponents-NIO"
localhost:9003 - - - "POST /services/LBService1 HTTP/1.1" - - "-" "Synapse-PT-HttpComponents-NIO"
localhost:8280 - - - "POST /services/LBProxy HTTP/1.1" - - "-" "Axis2"
localhost:9001 - - - "POST /services/LBService1 HTTP/1.1" - - "-" "Synapse-PT-HttpComponents-NIO"
localhost:9001 - - - "POST /services/LBService1 HTTP/1.1" - - "-" "Synapse-PT-HttpComponents-NIO"
localhost:8280 - - - "POST /services/LBProxy HTTP/1.1" - - "-" "Axis2"
localhost:9003 - - - "POST /services/LBService1 HTTP/1.1" - - "-" "Synapse-PT-HttpComponents-NIO"
localhost:9003 - - - "POST /services/LBService1 HTTP/1.1" - - "-" "Synapse-PT-HttpComponents-NIO"
localhost:8280 - - - "POST /services/LBProxy HTTP/1.1" - - "-" "Axis2"
localhost:9003 - - - "POST /services/LBService1 HTTP/1.1" - - "-" "Synapse-PT-HttpComponents-NIO"
localhost:9003 - - - "POST /services/LBService1 HTTP/1.1" - - "-" "Synapse-PT-HttpComponents-NIO"
localhost:8280 - - - "POST /services/LBProxy HTTP/1.1" - - "-" "Axis2"
localhost:9001 - - - "POST /services/LBService1 HTTP/1.1" - - "-" "Synapse-PT-HttpComponents-NIO"
localhost:9001 - - - "POST /services/LBService1 HTTP/1.1" - - "-" "Synapse-PT-HttpComponents-NIO"
localhost:8280 - - - "POST /services/LBProxy HTTP/1.1" - - "-" "Axis2"
localhost:9002 - - - "POST /services/LBService1 HTTP/1.1" - - "-" "Synapse-PT-HttpComponents-NIO"
localhost:9002 - - - "POST /services/LBService1 HTTP/1.1" - - "-" "Synapse-PT-HttpComponents-NIO"
localhost:8280 - - - "POST /services/LBProxy HTTP/1.1" - - "-" "Axis2"
localhost:9001 - - - "POST /services/LBService1 HTTP/1.1" - - "-" "Synapse-PT-HttpComponents-NIO"
localhost:9001 - - - "POST /services/LBService1 HTTP/1.1" - - "-" "Synapse-PT-HttpComponents-NIO"
localhost:8280 - - - "POST /services/LBProxy HTTP/1.1" - - "-" "Axis2"
localhost:9001 - - - "POST /services/LBService1 HTTP/1.1" - - "-" "Synapse-PT-HttpComponents-NIO"
localhost:9001 - - - "POST /services/LBService1 HTTP/1.1" - - "-" "Synapse-PT-HttpComponents-NIO"
localhost:8280 - - - "POST /services/LBProxy HTTP/1.1" - - "-" "Axis2"
localhost:9001 - - - "POST /services/LBService1 HTTP/1.1" - - "-" "Synapse-PT-HttpComponents-NIO"
localhost:9001 - - - "POST /services/LBService1 HTTP/1.1" - - "-" "Synapse-PT-HttpComponents-NIO"
localhost:8280 - - - "POST /services/LBProxy HTTP/1.1" - - "-" "Axis2"
localhost:9001 - - - "POST /services/LBService1 HTTP/1.1" - - "-" "Synapse-PT-HttpComponents-NIO"
localhost:9001 - - - "POST /services/LBService1 HTTP/1.1" - - "-" "Synapse-PT-HttpComponents-NIO"
localhost:8280 - - - "POST /services/LBProxy HTTP/1.1" - - "-" "Axis2"
localhost:9003 - - - "POST /services/LBService1 HTTP/1.1" - - "-" "Synapse-PT-HttpComponents-NIO"
localhost:9003 - - - "POST /services/LBService1 HTTP/1.1" - - "-" "Synapse-PT-HttpComponents-NIO"
localhost:8280 - - - "POST /services/LBProxy HTTP/1.1" - - "-" "Axis2"
localhost:9003 - - - "POST /services/LBService1 HTTP/1.1" - - "-" "Synapse-PT-HttpComponents-NIO"
localhost:9003 - - - "POST /services/LBService1 HTTP/1.1" - - "-" "Synapse-PT-HttpComponents-NIO"
-  - Tue, 12 Sep 2017 09:18:37 GMT "- - " 200 - "-" "-"
localhost:8280 - - - "POST /services/LBProxy HTTP/1.1" - - "-" "Axis2"
localhost:9001 - - - "POST /services/LBService1 HTTP/1.1" - - "-" "Synapse-PT-HttpComponents-NIO"
localhost:9001 - - - "POST /services/LBService1 HTTP/1.1" - - "-" "Synapse-PT-HttpComponents-NIO"
-  - Tue, 12 Sep 2017 09:18:37 GMT "- - " 200 - "-" "-"
localhost:8280 - - - "POST /services/LBProxy HTTP/1.1" - - "-" "Axis2"
localhost:9001 - - - "POST /services/LBService1 HTTP/1.1" - - "-" "Synapse-PT-HttpComponents-NIO"
localhost:9001 - - - "POST /services/LBService1 HTTP/1.1" - - "-" "Synapse-PT-HttpComponents-NIO"
-  - Tue, 12 Sep 2017 09:18:37 GMT "- - " 200 - "-" "-"
localhost:8280 - - - "POST /services/LBProxy HTTP/1.1" - - "-" "Axis2"
localhost:9001 - - - "POST /services/LBService1 HTTP/1.1" - - "-" "Synapse-PT-HttpComponents-NIO"
localhost:9001 - - - "POST /services/LBService1 HTTP/1.1" - - "-" "Synapse-PT-HttpComponents-NIO"
-  - Tue, 12 Sep 2017 09:18:37 GMT "- - " 200 - "-" "-"
localhost:8280 - - - "POST /services/LBProxy HTTP/1.1" - - "-" "Axis2"
localhost:9003 - - - "POST /services/LBService1 HTTP/1.1" - - "-" "Synapse-PT-HttpComponents-NIO"
localhost:9003 - - - "POST /services/LBService1 HTTP/1.1" - - "-" "Synapse-PT-HttpComponents-NIO"
-  - Tue, 12 Sep 2017 09:18:38 GMT "- - " 200 - "-" "-"
localhost:8280 - - - "POST /services/LBProxy HTTP/1.1" - - "-" "Axis2"
localhost:9002 - - - "POST /services/LBService1 HTTP/1.1" - - "-" "Synapse-PT-HttpComponents-NIO"
localhost:9002 - - - "POST /services/LBService1 HTTP/1.1" - - "-" "Synapse-PT-HttpComponents-NIO"
-  - Tue, 12 Sep 2017 09:18:38 GMT "- - " 200 - "-" "-"
localhost:8280 - - - "POST /services/LBProxy HTTP/1.1" - - "-" "Axis2"
localhost:9001 - - - "POST /services/LBService1 HTTP/1.1" - - "-" "Synapse-PT-HttpComponents-NIO"
localhost:9001 - - - "POST /services/LBService1 HTTP/1.1" - - "-" "Synapse-PT-HttpComponents-NIO"
-  - Tue, 12 Sep 2017 09:18:38 GMT "- - " 200 - "-" "-"
localhost:8280 - - - "POST /services/LBProxy HTTP/1.1" - - "-" "Axis2"
localhost:9003 - - - "POST /services/LBService1 HTTP/1.1" - - "-" "Synapse-PT-HttpComponents-NIO"
localhost:9003 - - - "POST /services/LBService1 HTTP/1.1" - - "-" "Synapse-PT-HttpComponents-NIO"
-  - Tue, 12 Sep 2017 09:18:38 GMT "- - " 200 - "-" "-"
localhost:8280 - - - "POST /services/LBProxy HTTP/1.1" - - "-" "Axis2"
localhost:9003 - - - "POST /services/LBService1 HTTP/1.1" - - "-" "Synapse-PT-HttpComponents-NIO"
localhost:9003 - - - "POST /services/LBService1 HTTP/1.1" - - "-" "Synapse-PT-HttpComponents-NIO"
-  - Tue, 12 Sep 2017 09:18:38 GMT "- - " 200 - "-" "-"
localhost:8280 - - - "POST /services/LBProxy HTTP/1.1" - - "-" "Axis2"
localhost:9003 - - - "POST /services/LBService1 HTTP/1.1" - - "-" "Synapse-PT-HttpComponents-NIO"
localhost:9003 - - - "POST /services/LBService1 HTTP/1.1" - - "-" "Synapse-PT-HttpComponents-NIO"
-  - Tue, 12 Sep 2017 09:18:38 GMT "- - " 200 - "-" "-"
localhost:8280 - - - "POST /services/LBProxy HTTP/1.1" - - "-" "Axis2"
localhost:9001 - - - "POST /services/LBService1 HTTP/1.1" - - "-" "Synapse-PT-HttpComponents-NIO"
-  - Tue, 12 Sep 2017 09:18:39 GMT "- - " 200 - "-" "-"
localhost:9001 - - - "POST /services/LBService1 HTTP/1.1" - - "-" "Synapse-PT-HttpComponents-NIO"
localhost:8280 - - - "POST /services/LBProxy HTTP/1.1" - - "-" "Axis2"
localhost:9003 - - - "POST /services/LBService1 HTTP/1.1" - - "-" "Synapse-PT-HttpComponents-NIO"
-  - Tue, 12 Sep 2017 09:18:39 GMT "- - " 200 - "-" "-"
localhost:9003 - - - "POST /services/LBService1 HTTP/1.1" - - "-" "Synapse-PT-HttpComponents-NIO"
localhost:8280 - - - "POST /services/LBProxy HTTP/1.1" - - "-" "Axis2"
localhost:9003 - - - "POST /services/LBService1 HTTP/1.1" - - "-" "Synapse-PT-HttpComponents-NIO"
-  - Tue, 12 Sep 2017 09:18:39 GMT "- - " 200 - "-" "-"
localhost:9003 - - - "POST /services/LBService1 HTTP/1.1" - - "-" "Synapse-PT-HttpComponents-NIO"
localhost:8280 - - - "POST /services/LBProxy HTTP/1.1" - - "-" "Axis2"
localhost:9002 - - - "POST /services/LBService1 HTTP/1.1" - - "-" "Synapse-PT-HttpComponents-NIO"
-  - Tue, 12 Sep 2017 09:18:39 GMT "- - " 200 - "-" "-"
localhost:9002 - - - "POST /services/LBService1 HTTP/1.1" - - "-" "Synapse-PT-HttpComponents-NIO"
localhost:8280 - - - "POST /services/LBProxy HTTP/1.1" - - "-" "Axis2"
localhost:9001 - - - "POST /services/LBService1 HTTP/1.1" - - "-" "Synapse-PT-HttpComponents-NIO"
-  - Tue, 12 Sep 2017 09:18:39 GMT "- - " 200 - "-" "-"
localhost:9001 - - - "POST /services/LBService1 HTTP/1.1" - - "-" "Synapse-PT-HttpComponents-NIO"
localhost:8280 - - - "POST /services/LBProxy HTTP/1.1" - - "-" "Axis2"
localhost:9002 - - - "POST /services/LBService1 HTTP/1.1" - - "-" "Synapse-PT-HttpComponents-NIO"
-  - Tue, 12 Sep 2017 09:18:39 GMT "- - " 200 - "-" "-"
localhost:9002 - - - "POST /services/LBService1 HTTP/1.1" - - "-" "Synapse-PT-HttpComponents-NIO"
localhost:8280 - - - "POST /services/LBProxy HTTP/1.1" - - "-" "Axis2"
localhost:9001 - - - "POST /services/LBService1 HTTP/1.1" - - "-" "Synapse-PT-HttpComponents-NIO"
-  - Tue, 12 Sep 2017 09:18:40 GMT "- - " 200 - "-" "-"
localhost:9001 - - - "POST /services/LBService1 HTTP/1.1" - - "-" "Synapse-PT-HttpComponents-NIO"
localhost:8280 - - - "POST /services/LBProxy HTTP/1.1" - - "-" "Axis2"
localhost:9002 - - - "POST /services/LBService1 HTTP/1.1" - - "-" "Synapse-PT-HttpComponents-NIO"
-  - Tue, 12 Sep 2017 09:18:40 GMT "- - " 200 - "-" "-"
localhost:9002 - - - "POST /services/LBService1 HTTP/1.1" - - "-" "Synapse-PT-HttpComponents-NIO"
localhost:8280 - - - "POST /services/LBProxy HTTP/1.1" - - "-" "Axis2"
localhost:9002 - - - "POST /services/LBService1 HTTP/1.1" - - "-" "Synapse-PT-HttpComponents-NIO"
-  - Tue, 12 Sep 2017 09:18:40 GMT "- - " 200 - "-" "-"
localhost:9002 - - - "POST /services/LBService1 HTTP/1.1" - - "-" "Synapse-PT-HttpComponents-NIO"
localhost:8280 - - - "POST /services/LBProxy HTTP/1.1" - - "-" "Axis2"
localhost:9002 - - - "POST /services/LBService1 HTTP/1.1" - - "-" "Synapse-PT-HttpComponents-NIO"
-  - Tue, 12 Sep 2017 09:18:40 GMT "- - " 200 - "-" "-"
localhost:9002 - - - "POST /services/LBService1 HTTP/1.1" - - "-" "Synapse-PT-HttpComponents-NIO"
localhost:8280 - - - "POST /services/LBProxy HTTP/1.1" - - "-" "Axis2"
-  - Tue, 12 Sep 2017 09:18:40 GMT "- - " 200 - "-" "-"
localhost:9002 - - - "POST /services/LBService1 HTTP/1.1" - - "-" "Synapse-PT-HttpComponents-NIO"
localhost:9002 - - - "POST /services/LBService1 HTTP/1.1" - - "-" "Synapse-PT-HttpComponents-NIO"
localhost:8280 - - - "POST /services/LBProxy HTTP/1.1" - - "-" "Axis2"
-  - Tue, 12 Sep 2017 09:18:40 GMT "- - " 200 - "-" "-"
localhost:9002 - - - "POST /services/LBService1 HTTP/1.1" - - "-" "Synapse-PT-HttpComponents-NIO"
localhost:9002 - - - "POST /services/LBService1 HTTP/1.1" - - "-" "Synapse-PT-HttpComponents-NIO"
localhost:8280 - - - "POST /services/LBProxy HTTP/1.1" - - "-" "Axis2"
-  - Tue, 12 Sep 2017 09:18:41 GMT "- - " 200 - "-" "-"
localhost:9002 - - - "POST /services/LBService1 HTTP/1.1" - - "-" "Synapse-PT-HttpComponents-NIO"
localhost:9002 - - - "POST /services/LBService1 HTTP/1.1" - - "-" "Synapse-PT-HttpComponents-NIO"
localhost:8280 - - - "POST /services/LBProxy HTTP/1.1" - - "-" "Axis2"
-  - Tue, 12 Sep 2017 09:18:41 GMT "- - " 200 - "-" "-"
localhost:9002 - - - "POST /services/LBService1 HTTP/1.1" - - "-" "Synapse-PT-HttpComponents-NIO"
localhost:9002 - - - "POST /services/LBService1 HTTP/1.1" - - "-" "Synapse-PT-HttpComponents-NIO"
-  - Tue, 12 Sep 2017 09:18:41 GMT "- - " 200 - "-" "-"
localhost:8280 - - - "POST /services/LBProxy HTTP/1.1" - - "-" "Axis2"
-  - Tue, 12 Sep 2017 09:18:41 GMT "- - " 200 - "-" "-"
localhost:9001 - - - "POST /services/LBService1 HTTP/1.1" - - "-" "Synapse-PT-HttpComponents-NIO"
localhost:9001 - - - "POST /services/LBService1 HTTP/1.1" - - "-" "Synapse-PT-HttpComponents-NIO"
-  - Tue, 12 Sep 2017 09:18:41 GMT "- - " 200 - "-" "-"
-  - Tue, 12 Sep 2017 09:18:41 GMT "- - " 200 - "-" "-"
-  - Tue, 12 Sep 2017 09:18:43 GMT "- - " 200 - "-" "-"
-  - Tue, 12 Sep 2017 09:18:43 GMT "- - " 200 - "-" "-"
-  - Tue, 12 Sep 2017 09:18:43 GMT "- - " 200 - "-" "-"
-  - Tue, 12 Sep 2017 09:18:43 GMT "- - " 200 - "-" "-"
-  - Tue, 12 Sep 2017 09:18:43 GMT "- - " 200 - "-" "-"
-  - Tue, 12 Sep 2017 09:18:43 GMT "- - " 200 - "-" "-"
-  - Tue, 12 Sep 2017 09:18:44 GMT "- - " 200 - "-" "-"
-  - Tue, 12 Sep 2017 09:18:44 GMT "- - " 200 - "-" "-"
-  - Tue, 12 Sep 2017 09:18:44 GMT "- - " 200 - "-" "-"
-  - Tue, 12 Sep 2017 09:18:44 GMT "- - " 200 - "-" "-"
-  - Tue, 12 Sep 2017 09:18:44 GMT "- - " 200 - "-" "-"
-  - Tue, 12 Sep 2017 09:18:44 GMT "- - " 200 - "-" "-"
-  - Tue, 12 Sep 2017 09:18:45 GMT "- - " 200 - "-" "-"
-  - Tue, 12 Sep 2017 09:18:45 GMT "- - " 200 - "-" "-"
-  - Tue, 12 Sep 2017 09:18:45 GMT "- - " 200 - "-" "-"
-  - Tue, 12 Sep 2017 09:18:45 GMT "- - " 200 - "-" "-"
-  - Tue, 12 Sep 2017 09:18:45 GMT "- - " 200 - "-" "-"
-  - Tue, 12 Sep 2017 09:18:45 GMT "- - " 200 - "-" "-"
-  - Tue, 12 Sep 2017 09:18:46 GMT "- - " 200 - "-" "-"
-  - Tue, 12 Sep 2017 09:18:46 GMT "- - " 200 - "-" "-"
-  - Tue, 12 Sep 2017 09:18:46 GMT "- - " 200 - "-" "-"
-  - Tue, 12 Sep 2017 09:18:46 GMT "- - " 200 - "-" "-"
-  - Tue, 12 Sep 2017 09:18:46 GMT "- - " 200 - "-" "-"
-  - Tue, 12 Sep 2017 09:18:46 GMT "- - " 200 - "-" "-"
-  - Tue, 12 Sep 2017 09:18:47 GMT "- - " 200 - "-" "-"
-  - Tue, 12 Sep 2017 09:18:47 GMT "- - " 200 - "-" "-"
-  - Tue, 12 Sep 2017 09:18:47 GMT "- - " 200 - "-" "-"
-  - Tue, 12 Sep 2017 09:18:47 GMT "- - " 200 - "-" "-"
-  - Tue, 12 Sep 2017 09:18:47 GMT "- - " 200 - "-" "-"
-  - Tue, 12 Sep 2017 09:18:47 GMT "- - " 200 - "-" "-"
-  - Tue, 12 Sep 2017 09:18:48 GMT "- - " 200 - "-" "-"
-  - Tue, 12 Sep 2017 09:18:48 GMT "- - " 200 - "-" "-"
-  - Tue, 12 Sep 2017 09:18:48 GMT "- - " 200 - "-" "-"
-  - Tue, 12 Sep 2017 09:18:48 GMT "- - " 200 - "-" "-"
-  - Tue, 12 Sep 2017 09:18:48 GMT "- - " 200 - "-" "-"
-  - Tue, 12 Sep 2017 09:18:48 GMT "- - " 200 - "-" "-"
-  - Tue, 12 Sep 2017 09:18:49 GMT "- - " 200 - "-" "-"
-  - Tue, 12 Sep 2017 09:18:49 GMT "- - " 200 - "-" "-"
-  - Tue, 12 Sep 2017 09:18:49 GMT "- - " 200 - "-" "-"
-  - Tue, 12 Sep 2017 09:18:49 GMT "- - " 200 - "-" "-"
-  - Tue, 12 Sep 2017 09:18:49 GMT "- - " 200 - "-" "-"
-  - Tue, 12 Sep 2017 09:18:49 GMT "- - " 200 - "-" "-"
-  - Tue, 12 Sep 2017 09:18:50 GMT "- - " 200 - "-" "-"
-  - Tue, 12 Sep 2017 09:18:50 GMT "- - " 200 - "-" "-"
-  - Tue, 12 Sep 2017 09:18:50 GMT "- - " 200 - "-" "-"
-  - Tue, 12 Sep 2017 09:18:50 GMT "- - " 200 - "-" "-"
-  - Tue, 12 Sep 2017 09:18:50 GMT "- - " 200 - "-" "-"
-  - Tue, 12 Sep 2017 09:18:50 GMT "- - " 200 - "-" "-"
-  - Tue, 12 Sep 2017 09:18:51 GMT "- - " 200 - "-" "-"
-  - Tue, 12 Sep 2017 09:18:51 GMT "- - " 200 - "-" "-"
-  - Tue, 12 Sep 2017 09:18:51 GMT "- - " 200 - "-" "-"
-  - Tue, 12 Sep 2017 09:18:51 GMT "- - " 200 - "-" "-"
-  - Tue, 12 Sep 2017 09:18:51 GMT "- - " 200 - "-" "-"
-  - Tue, 12 Sep 2017 09:18:51 GMT "- - " 200 - "-" "-"
-  - Tue, 12 Sep 2017 09:18:52 GMT "- - " 200 - "-" "-"
-  - Tue, 12 Sep 2017 09:18:52 GMT "- - " 200 - "-" "-"
-  - Tue, 12 Sep 2017 09:18:52 GMT "- - " 200 - "-" "-"
-  - Tue, 12 Sep 2017 09:18:52 GMT "- - " 200 - "-" "-"
-  - Tue, 12 Sep 2017 09:18:52 GMT "- - " 200 - "-" "-"
-  - Tue, 12 Sep 2017 09:18:52 GMT "- - " 200 - "-" "-"
-  - Tue, 12 Sep 2017 09:18:53 GMT "- - " 200 - "-" "-"
-  - Tue, 12 Sep 2017 09:18:53 GMT "- - " 200 - "-" "-"
-  - Tue, 12 Sep 2017 09:18:53 GMT "- - " 200 - "-" "-"
-  - Tue, 12 Sep 2017 09:18:53 GMT "- - " 200 - "-" "-"
-  - Tue, 12 Sep 2017 09:18:53 GMT "- - " 200 - "-" "-"
-  - Tue, 12 Sep 2017 09:18:53 GMT "- - " 200 - "-" "-"
-  - Tue, 12 Sep 2017 09:18:54 GMT "- - " 200 - "-" "-"
-  - Tue, 12 Sep 2017 09:18:54 GMT "- - " 200 - "-" "-"
-  - Tue, 12 Sep 2017 09:18:54 GMT "- - " 200 - "-" "-"
-  - Tue, 12 Sep 2017 09:18:54 GMT "- - " 200 - "-" "-"
-  - Tue, 12 Sep 2017 09:18:54 GMT "- - " 200 - "-" "-"
-  - Tue, 12 Sep 2017 09:18:54 GMT "- - " 200 - "-" "-"
-  - Tue, 12 Sep 2017 09:18:55 GMT "- - " 200 - "-" "-"
-  - Tue, 12 Sep 2017 09:18:55 GMT "- - " 200 - "-" "-"
-  - Tue, 12 Sep 2017 09:18:55 GMT "- - " 200 - "-" "-"
-  - Tue, 12 Sep 2017 09:18:55 GMT "- - " 200 - "-" "-"
-  - Tue, 12 Sep 2017 09:18:55 GMT "- - " 200 - "-" "-"
-  - Tue, 12 Sep 2017 09:18:55 GMT "- - " 200 - "-" "-"
-  - Tue, 12 Sep 2017 09:18:56 GMT "- - " 200 - "-" "-"
-  - Tue, 12 Sep 2017 09:18:56 GMT "- - " 200 - "-" "-"
-  - Tue, 12 Sep 2017 09:18:56 GMT "- - " 200 - "-" "-"
-  - Tue, 12 Sep 2017 09:18:56 GMT "- - " 200 - "-" "-"
-  - Tue, 12 Sep 2017 09:18:56 GMT "- - " 200 - "-" "-"
-  - Tue, 12 Sep 2017 09:18:56 GMT "- - " 200 - "-" "-"
-  - Tue, 12 Sep 2017 09:18:57 GMT "- - " 200 - "-" "-"
-  - Tue, 12 Sep 2017 09:18:57 GMT "- - " 200 - "-" "-"
-  - Tue, 12 Sep 2017 09:18:57 GMT "- - " 200 - "-" "-"
-  - Tue, 12 Sep 2017 09:18:57 GMT "- - " 200 - "-" "-"
-  - Tue, 12 Sep 2017 09:18:57 GMT "- - " 200 - "-" "-"
-  - Tue, 12 Sep 2017 09:18:57 GMT "- - " 200 - "-" "-"
-  - Tue, 12 Sep 2017 09:18:58 GMT "- - " 200 - "-" "-"
-  - Tue, 12 Sep 2017 09:18:58 GMT "- - " 200 - "-" "-"
-  - Tue, 12 Sep 2017 09:18:58 GMT "- - " 200 - "-" "-"
-  - Tue, 12 Sep 2017 09:18:58 GMT "- - " 200 - "-" "-"
-  - Tue, 12 Sep 2017 09:18:58 GMT "- - " 200 - "-" "-"
-  - Tue, 12 Sep 2017 09:18:58 GMT "- - " 200 - "-" "-"
-  - Tue, 12 Sep 2017 09:18:59 GMT "- - " 200 - "-" "-"
-  - Tue, 12 Sep 2017 09:18:59 GMT "- - " 200 - "-" "-"
-  - Tue, 12 Sep 2017 09:18:59 GMT "- - " 200 - "-" "-"
-  - Tue, 12 Sep 2017 09:18:59 GMT "- - " 200 - "-" "-"
-  - Tue, 12 Sep 2017 09:18:59 GMT "- - " 200 - "-" "-"
-  - Tue, 12 Sep 2017 09:18:59 GMT "- - " 200 - "-" "-"
-  - Tue, 12 Sep 2017 09:19:00 GMT "- - " 200 - "-" "-"
-  - Tue, 12 Sep 2017 09:19:00 GMT "- - " 200 - "-" "-"
-  - Tue, 12 Sep 2017 09:19:00 GMT "- - " 200 - "-" "-"
-  - Tue, 12 Sep 2017 09:19:00 GMT "- - " 200 - "-" "-"
-  - Tue, 12 Sep 2017 09:19:00 GMT "- - " 200 - "-" "-"
localhost:8280 - - - "POST /services/StockQuoteProxy HTTP/1.1" - - "-" "Axis2"
-  - Tue, 12 Sep 2017 09:19:00 GMT "- - " 200 - "-" "-"
localhost:9000 - - - "POST /services/SimpleStockQuoteService HTTP/1.1" - - "-" "Synapse-PT-HttpComponents-NIO"
localhost:9000 - - - "POST /services/SimpleStockQuoteService HTTP/1.1" - - "-" "Synapse-PT-HttpComponents-NIO"
-  - Tue, 12 Sep 2017 09:19:01 GMT "- - " 200 - "-" "-"
malintha-pc:8280 - - - "POST /services/__ADDR_ONLY__ HTTP/1.1" - - "-" "Synapse-HttpComponents-NIO"
malintha-pc:8280 - - - "POST /services/__ADDR_ONLY__ HTTP/1.1" - - "-" "Synapse-HttpComponents-NIO"
-  - Tue, 12 Sep 2017 09:19:01 GMT "- - " 202 - "-" "-"
172.16.98.95:8200 - - - "POST /axis2/services/anonService12/ HTTP/1.1" - - "-" "Synapse-PT-HttpComponents-NIO"
localhost:8280 - - - "POST /services/StockQuoteProxy HTTP/1.1" - - "-" "Axis2"
-  - Tue, 12 Sep 2017 09:19:01 GMT "- - " 202 - "-" "-"
-  - Tue, 12 Sep 2017 09:19:01 GMT "- - " 202 - "-" "-"
-  - Tue, 12 Sep 2017 09:19:03 GMT "- - " 202 - "-" "-"
-  - Tue, 12 Sep 2017 09:19:03 GMT "- - " 202 - "-" "-"
-  - Tue, 12 Sep 2017 09:19:03 GMT "- - " 202 - "-" "-"
localhost:8280 - - - "POST /services/StockQuoteProxy HTTP/1.1" - - "-" "Apache-HttpClient/4.3.6 (java 1.5)"
localhost:8280 - - - "POST /services/StockQuoteProxy HTTP/1.1" - - "-" "Apache-HttpClient/4.3.6 (java 1.5)"
localhost:8280 - - - "POST /services/StockQuoteProxy HTTP/1.1" - - "-" "Apache-HttpClient/4.3.6 (java 1.5)"
localhost:8280 - - - "POST /services/StockQuoteProxy HTTP/1.1" - - "-" "Apache-HttpClient/4.3.6 (java 1.5)"
localhost:8280 - - - "POST /services/StockQuoteProxy HTTP/1.1" - - "-" "Apache-HttpClient/4.3.6 (java 1.5)"
localhost:8280 - - - "POST /services/StockQuoteProxy HTTP/1.1" - - "-" "Apache-HttpClient/4.3.6 (java 1.5)"
localhost:8280 - - - "POST /services/StockQuoteProxy HTTP/1.1" - - "-" "Apache-HttpClient/4.3.6 (java 1.5)"
