malintha-pc:8280 - - - "POST /services/StockQuote.StockQuoteHttpSoap11Endpoint HTTP/1.1" - - "-" "Apache-HttpClient/4.1.1 (java 1.5)"
localhost:8280 - - - "GET /services/StockQuote?wsdl HTTP/1.1" - - "-" "Apache-HttpClient/4.1.1 (java 1.5)"
malintha-pc:8280 - - - "POST /services/StockQuote.StockQuoteHttpSoap11Endpoint HTTP/1.1" - - "-" "Apache-HttpClient/4.1.1 (java 1.5)"
localhost:8080 - - - "POST /JAX-WS-Tomcat/sayhello HTTP/1.1" - - "-" "Synapse-PT-HttpComponents-NIO"
-  - Tue, 12 Sep 2017 08:33:10 GMT "- - " 200 - "-" "-"
-  - Tue, 12 Sep 2017 08:33:20 GMT "- - " 200 - "-" "-"
-  - Tue, 12 Sep 2017 08:33:21 GMT "- - " 200 - "-" "-"
localhost:8280 - - - "POST /services/StockQuoteProxy HTTP/1.1" - - "-" "Axis2"
-  - Tue, 12 Sep 2017 09:11:17 GMT "- - " 202 - "-" "-"
localhost:8280 - - - "GET /services/StockQuoteProxy?wsdl HTTP/1.1" - - "-" "Apache-HttpClient/4.3.6 (java 1.5)"
-  - Tue, 12 Sep 2017 09:11:18 GMT "- - " 202 - "-" "-"
localhost:8280 - - - "POST /services/StockQuoteProxy1 HTTP/1.1" - - "-" "Axis2"
-  - Tue, 12 Sep 2017 09:11:19 GMT "- - " 202 - "-" "-"
localhost:8243 - - - "POST /services/StockQuoteProxy HTTP/1.1" - - "-" "Axis2"
-  - Tue, 12 Sep 2017 09:11:22 GMT "- - " 202 - "-" "-"
localhost:8280 - - - "POST /services/LBProxy HTTP/1.1" - - "-" "Axis2"
localhost:8280 - - - "POST /services/LBProxy HTTP/1.1" - - "-" "Axis2"
-  - Tue, 12 Sep 2017 09:11:25 GMT "- - " 202 - "-" "-"
-  - Tue, 12 Sep 2017 09:11:26 GMT "- - " 202 - "-" "-"
-  - Tue, 12 Sep 2017 09:11:26 GMT "- - " 202 - "-" "-"
localhost:8280 - - - "POST /services/LBProxy HTTP/1.1" - - "-" "Axis2"
localhost:8280 - - - "POST /services/LBProxy HTTP/1.1" - - "-" "Axis2"
localhost:8280 - - - "POST /services/LBProxy HTTP/1.1" - - "-" "Axis2"
localhost:8280 - - - "POST /services/LBProxy HTTP/1.1" - - "-" "Axis2"
-  - Tue, 12 Sep 2017 09:11:26 GMT "- - " 202 - "-" "-"
localhost:8280 - - - "POST /services/LBProxy HTTP/1.1" - - "-" "Axis2"
-  - Tue, 12 Sep 2017 09:11:27 GMT "- - " 202 - "-" "-"
localhost:8280 - - - "POST /services/LBProxy HTTP/1.1" - - "-" "Axis2"
-  - Tue, 12 Sep 2017 09:11:27 GMT "- - " 202 - "-" "-"
localhost:8280 - - - "POST /services/LBProxy HTTP/1.1" - - "-" "Axis2"
-  - Tue, 12 Sep 2017 09:11:28 GMT "- - " 202 - "-" "-"
localhost:8280 - - - "POST /services/LBProxy HTTP/1.1" - - "-" "Axis2"
localhost:8280 - - - "POST /services/LBProxy HTTP/1.1" - - "-" "Axis2"
-  - Tue, 12 Sep 2017 09:11:28 GMT "- - " 202 - "-" "-"
localhost:8280 - - - "POST /services/LBProxy HTTP/1.1" - - "-" "Axis2"
-  - Tue, 12 Sep 2017 09:11:29 GMT "- - " 202 - "-" "-"
localhost:8280 - - - "POST /services/LBProxy HTTP/1.1" - - "-" "Axis2"
-  - Tue, 12 Sep 2017 09:11:29 GMT "- - " 202 - "-" "-"
-  - Tue, 12 Sep 2017 09:11:29 GMT "- - " 202 - "-" "-"
-  - Tue, 12 Sep 2017 09:11:31 GMT "- - " 202 - "-" "-"
-  - Tue, 12 Sep 2017 09:11:31 GMT "- - " 202 - "-" "-"
-  - Tue, 12 Sep 2017 09:11:31 GMT "- - " 202 - "-" "-"
-  - Tue, 12 Sep 2017 09:11:32 GMT "- - " 202 - "-" "-"
-  - Tue, 12 Sep 2017 09:11:32 GMT "- - " 202 - "-" "-"
-  - Tue, 12 Sep 2017 09:11:33 GMT "- - " 202 - "-" "-"
localhost:8280 - - - "POST /services/LBProxy HTTP/1.1" - - "-" "Axis2"
-  - Tue, 12 Sep 2017 09:11:34 GMT "- - " 202 - "-" "-"
localhost:8280 - - - "POST /services/LBProxy HTTP/1.1" - - "-" "Axis2"
-  - Tue, 12 Sep 2017 09:11:34 GMT "- - " 202 - "-" "-"
localhost:8280 - - - "POST /services/LBProxy HTTP/1.1" - - "-" "Axis2"
-  - Tue, 12 Sep 2017 09:11:34 GMT "- - " 202 - "-" "-"
localhost:8280 - - - "POST /services/LBProxy HTTP/1.1" - - "-" "Axis2"
localhost:8280 - - - "POST /services/LBProxy HTTP/1.1" - - "-" "Axis2"
localhost:8280 - - - "POST /services/LBProxy HTTP/1.1" - - "-" "Axis2"
localhost:8280 - - - "POST /services/LBProxy HTTP/1.1" - - "-" "Axis2"
-  - Tue, 12 Sep 2017 09:11:35 GMT "- - " 202 - "-" "-"
localhost:8280 - - - "POST /services/LBProxy HTTP/1.1" - - "-" "Axis2"
localhost:8280 - - - "POST /services/LBProxy HTTP/1.1" - - "-" "Axis2"
localhost:8280 - - - "POST /services/LBProxy HTTP/1.1" - - "-" "Axis2"
-  - Tue, 12 Sep 2017 09:11:35 GMT "- - " 202 - "-" "-"
localhost:8280 - - - "POST /services/LBProxy HTTP/1.1" - - "-" "Axis2"
-  - Tue, 12 Sep 2017 09:11:36 GMT "- - " 202 - "-" "-"
localhost:8280 - - - "POST /services/LBProxy HTTP/1.1" - - "-" "Axis2"
-  - Tue, 12 Sep 2017 09:11:36 GMT "- - " 202 - "-" "-"
localhost:8280 - - - "POST /services/LBProxy HTTP/1.1" - - "-" "Axis2"
-  - Tue, 12 Sep 2017 09:11:36 GMT "- - " 202 - "-" "-"
localhost:8280 - - - "POST /services/LBProxy HTTP/1.1" - - "-" "Axis2"
-  - Tue, 12 Sep 2017 09:11:38 GMT "- - " 202 - "-" "-"
localhost:8280 - - - "POST /services/LBProxy HTTP/1.1" - - "-" "Axis2"
-  - Tue, 12 Sep 2017 09:11:38 GMT "- - " 202 - "-" "-"
-  - Tue, 12 Sep 2017 09:11:39 GMT "- - " 202 - "-" "-"
-  - Tue, 12 Sep 2017 09:11:39 GMT "- - " 202 - "-" "-"
localhost:8280 - - - "POST /services/LBProxy HTTP/1.1" - - "-" "Axis2"
